CRITICAL - 2025-12-30 21:17:32 --> str_replace(): Passing null to parameter #3 ($subject) of type array|string is deprecated
#0 [internal function]: CodeIgniter\Debug\Exceptions->errorHandler(8192, 'str_replace(): ...', 'C:\\xampp\\htdocs...', 438)
#1 C:\xampp\htdocs\ci-pemetaan\vendor\codeigniter4\framework\system\HTTP\ResponseTrait.php(438): str_replace(Array, '', NULL)
#2 C:\xampp\htdocs\ci-pemetaan\vendor\codeigniter4\framework\system\CodeIgniter.php(987): CodeIgniter\HTTP\Response->send()
#3 C:\xampp\htdocs\ci-pemetaan\vendor\codeigniter4\framework\system\CodeIgniter.php(326): CodeIgniter\CodeIgniter->sendResponse()
#4 C:\xampp\htdocs\ci-pemetaan\public\index.php(37): CodeIgniter\CodeIgniter->run()
#5 {main}
CRITICAL - 2025-12-30 21:17:32 --> Uncaught ErrorException: strtolower(): Passing null to parameter #1 ($string) of type string is deprecated in C:\xampp\htdocs\ci-pemetaan\vendor\codeigniter4\framework\system\Validation\FormatRules.php:253
Stack trace:
#0 [internal function]: CodeIgniter\Debug\Exceptions->errorHandler(8192, 'strtolower(): P...', 'C:\\xampp\\htdocs...', 253)
#1 C:\xampp\htdocs\ci-pemetaan\vendor\codeigniter4\framework\system\Validation\FormatRules.php(253): strtolower(NULL)
#2 C:\xampp\htdocs\ci-pemetaan\vendor\codeigniter4\framework\system\HTTP\RequestTrait.php(151): CodeIgniter\Validation\FormatRules->valid_ip('::1')
#3 C:\xampp\htdocs\ci-pemetaan\app\Views\errors\html\error_exception.php(206): CodeIgniter\HTTP\Request->getIPAddress()
#4 C:\xampp\htdocs\ci-pemetaan\vendor\codeigniter4\framework\system\Debug\Exceptions.php(229): include('C:\\xampp\\htdocs...')
#5 C:\xampp\htdocs\ci-pemetaan\vendor\codeigniter4\framework\system\Debug\Exceptions.php(232): CodeIgniter\Debug\Exceptions->CodeIgniter\Debug\{closure}()
#6 C:\xampp\htdocs\ci-pemetaan\vendor\codeigniter4\framework\system\Debug\Exceptions.php(116): CodeIgniter\Debug\Exceptions->render(Object(ErrorException), 500)
#7 [internal function]: CodeIgniter\Debug\Exceptions->exceptionHandler(Object(ErrorException))
#8 {main}
  thrown
#0 [internal function]: CodeIgniter\Debug\Exceptions->shutdownHandler()
#1 {main}
CRITICAL - 2025-12-30 21:18:47 --> str_replace(): Passing null to parameter #3 ($subject) of type array|string is deprecated
#0 [internal function]: CodeIgniter\Debug\Exceptions->errorHandler(8192, 'str_replace(): ...', 'C:\\xampp\\htdocs...', 438)
#1 C:\xampp\htdocs\ci-pemetaan\vendor\codeigniter4\framework\system\HTTP\ResponseTrait.php(438): str_replace(Array, '', NULL)
#2 C:\xampp\htdocs\ci-pemetaan\vendor\codeigniter4\framework\system\CodeIgniter.php(987): CodeIgniter\HTTP\Response->send()
#3 C:\xampp\htdocs\ci-pemetaan\vendor\codeigniter4\framework\system\CodeIgniter.php(326): CodeIgniter\CodeIgniter->sendResponse()
#4 C:\xampp\htdocs\ci-pemetaan\public\index.php(37): CodeIgniter\CodeIgniter->run()
#5 {main}
CRITICAL - 2025-12-30 21:18:47 --> Uncaught ErrorException: filter_var(): Passing null to parameter #3 ($options) of type array|int is deprecated in C:\xampp\htdocs\ci-pemetaan\vendor\codeigniter4\framework\system\Validation\FormatRules.php:268
Stack trace:
#0 [internal function]: CodeIgniter\Debug\Exceptions->errorHandler(8192, 'filter_var(): P...', 'C:\\xampp\\htdocs...', 268)
#1 C:\xampp\htdocs\ci-pemetaan\vendor\codeigniter4\framework\system\Validation\FormatRules.php(268): filter_var('::1', 275, NULL)
#2 C:\xampp\htdocs\ci-pemetaan\vendor\codeigniter4\framework\system\HTTP\RequestTrait.php(151): CodeIgniter\Validation\FormatRules->valid_ip('::1')
#3 C:\xampp\htdocs\ci-pemetaan\app\Views\errors\html\error_exception.php(206): CodeIgniter\HTTP\Request->getIPAddress()
#4 C:\xampp\htdocs\ci-pemetaan\vendor\codeigniter4\framework\system\Debug\Exceptions.php(229): include('C:\\xampp\\htdocs...')
#5 C:\xampp\htdocs\ci-pemetaan\vendor\codeigniter4\framework\system\Debug\Exceptions.php(232): CodeIgniter\Debug\Exceptions->CodeIgniter\Debug\{closure}()
#6 C:\xampp\htdocs\ci-pemetaan\vendor\codeigniter4\framework\system\Debug\Exceptions.php(116): CodeIgniter\Debug\Exceptions->render(Object(ErrorException), 500)
#7 [internal function]: CodeIgniter\Debug\Exceptions->exceptionHandler(Object(ErrorException))
#8 {main}
  thrown
#0 [internal function]: CodeIgniter\Debug\Exceptions->shutdownHandler()
#1 {main}
CRITICAL - 2025-12-30 21:18:47 --> str_replace(): Passing null to parameter #3 ($subject) of type array|string is deprecated
#0 [internal function]: CodeIgniter\Debug\Exceptions->errorHandler(8192, 'str_replace(): ...', 'C:\\xampp\\htdocs...', 438)
#1 C:\xampp\htdocs\ci-pemetaan\vendor\codeigniter4\framework\system\HTTP\ResponseTrait.php(438): str_replace(Array, '', NULL)
#2 C:\xampp\htdocs\ci-pemetaan\vendor\codeigniter4\framework\system\CodeIgniter.php(987): CodeIgniter\HTTP\Response->send()
#3 C:\xampp\htdocs\ci-pemetaan\vendor\codeigniter4\framework\system\CodeIgniter.php(326): CodeIgniter\CodeIgniter->sendResponse()
#4 C:\xampp\htdocs\ci-pemetaan\public\index.php(37): CodeIgniter\CodeIgniter->run()
#5 {main}
CRITICAL - 2025-12-30 21:18:47 --> Uncaught ErrorException: filter_var(): Passing null to parameter #3 ($options) of type array|int is deprecated in C:\xampp\htdocs\ci-pemetaan\vendor\codeigniter4\framework\system\Validation\FormatRules.php:268
Stack trace:
#0 [internal function]: CodeIgniter\Debug\Exceptions->errorHandler(8192, 'filter_var(): P...', 'C:\\xampp\\htdocs...', 268)
#1 C:\xampp\htdocs\ci-pemetaan\vendor\codeigniter4\framework\system\Validation\FormatRules.php(268): filter_var('::1', 275, NULL)
#2 C:\xampp\htdocs\ci-pemetaan\vendor\codeigniter4\framework\system\HTTP\RequestTrait.php(151): CodeIgniter\Validation\FormatRules->valid_ip('::1')
#3 C:\xampp\htdocs\ci-pemetaan\app\Views\errors\html\error_exception.php(206): CodeIgniter\HTTP\Request->getIPAddress()
#4 C:\xampp\htdocs\ci-pemetaan\vendor\codeigniter4\framework\system\Debug\Exceptions.php(229): include('C:\\xampp\\htdocs...')
#5 C:\xampp\htdocs\ci-pemetaan\vendor\codeigniter4\framework\system\Debug\Exceptions.php(232): CodeIgniter\Debug\Exceptions->CodeIgniter\Debug\{closure}()
#6 C:\xampp\htdocs\ci-pemetaan\vendor\codeigniter4\framework\system\Debug\Exceptions.php(116): CodeIgniter\Debug\Exceptions->render(Object(ErrorException), 500)
#7 [internal function]: CodeIgniter\Debug\Exceptions->exceptionHandler(Object(ErrorException))
#8 {main}
  thrown
#0 [internal function]: CodeIgniter\Debug\Exceptions->shutdownHandler()
#1 {main}
CRITICAL - 2025-12-30 21:18:48 --> str_replace(): Passing null to parameter #3 ($subject) of type array|string is deprecated
#0 [internal function]: CodeIgniter\Debug\Exceptions->errorHandler(8192, 'str_replace(): ...', 'C:\\xampp\\htdocs...', 438)
#1 C:\xampp\htdocs\ci-pemetaan\vendor\codeigniter4\framework\system\HTTP\ResponseTrait.php(438): str_replace(Array, '', NULL)
#2 C:\xampp\htdocs\ci-pemetaan\vendor\codeigniter4\framework\system\CodeIgniter.php(987): CodeIgniter\HTTP\Response->send()
#3 C:\xampp\htdocs\ci-pemetaan\vendor\codeigniter4\framework\system\CodeIgniter.php(326): CodeIgniter\CodeIgniter->sendResponse()
#4 C:\xampp\htdocs\ci-pemetaan\public\index.php(37): CodeIgniter\CodeIgniter->run()
#5 {main}
CRITICAL - 2025-12-30 21:18:48 --> Uncaught ErrorException: filter_var(): Passing null to parameter #3 ($options) of type array|int is deprecated in C:\xampp\htdocs\ci-pemetaan\vendor\codeigniter4\framework\system\Validation\FormatRules.php:268
Stack trace:
#0 [internal function]: CodeIgniter\Debug\Exceptions->errorHandler(8192, 'filter_var(): P...', 'C:\\xampp\\htdocs...', 268)
#1 C:\xampp\htdocs\ci-pemetaan\vendor\codeigniter4\framework\system\Validation\FormatRules.php(268): filter_var('::1', 275, NULL)
#2 C:\xampp\htdocs\ci-pemetaan\vendor\codeigniter4\framework\system\HTTP\RequestTrait.php(151): CodeIgniter\Validation\FormatRules->valid_ip('::1')
#3 C:\xampp\htdocs\ci-pemetaan\app\Views\errors\html\error_exception.php(206): CodeIgniter\HTTP\Request->getIPAddress()
#4 C:\xampp\htdocs\ci-pemetaan\vendor\codeigniter4\framework\system\Debug\Exceptions.php(229): include('C:\\xampp\\htdocs...')
#5 C:\xampp\htdocs\ci-pemetaan\vendor\codeigniter4\framework\system\Debug\Exceptions.php(232): CodeIgniter\Debug\Exceptions->CodeIgniter\Debug\{closure}()
#6 C:\xampp\htdocs\ci-pemetaan\vendor\codeigniter4\framework\system\Debug\Exceptions.php(116): CodeIgniter\Debug\Exceptions->render(Object(ErrorException), 500)
#7 [internal function]: CodeIgniter\Debug\Exceptions->exceptionHandler(Object(ErrorException))
#8 {main}
  thrown
#0 [internal function]: CodeIgniter\Debug\Exceptions->shutdownHandler()
#1 {main}
CRITICAL - 2025-12-30 21:18:48 --> str_replace(): Passing null to parameter #3 ($subject) of type array|string is deprecated
#0 [internal function]: CodeIgniter\Debug\Exceptions->errorHandler(8192, 'str_replace(): ...', 'C:\\xampp\\htdocs...', 438)
#1 C:\xampp\htdocs\ci-pemetaan\vendor\codeigniter4\framework\system\HTTP\ResponseTrait.php(438): str_replace(Array, '', NULL)
#2 C:\xampp\htdocs\ci-pemetaan\vendor\codeigniter4\framework\system\CodeIgniter.php(987): CodeIgniter\HTTP\Response->send()
#3 C:\xampp\htdocs\ci-pemetaan\vendor\codeigniter4\framework\system\CodeIgniter.php(326): CodeIgniter\CodeIgniter->sendResponse()
#4 C:\xampp\htdocs\ci-pemetaan\public\index.php(37): CodeIgniter\CodeIgniter->run()
#5 {main}
CRITICAL - 2025-12-30 21:18:48 --> Uncaught ErrorException: filter_var(): Passing null to parameter #3 ($options) of type array|int is deprecated in C:\xampp\htdocs\ci-pemetaan\vendor\codeigniter4\framework\system\Validation\FormatRules.php:268
Stack trace:
#0 [internal function]: CodeIgniter\Debug\Exceptions->errorHandler(8192, 'filter_var(): P...', 'C:\\xampp\\htdocs...', 268)
#1 C:\xampp\htdocs\ci-pemetaan\vendor\codeigniter4\framework\system\Validation\FormatRules.php(268): filter_var('::1', 275, NULL)
#2 C:\xampp\htdocs\ci-pemetaan\vendor\codeigniter4\framework\system\HTTP\RequestTrait.php(151): CodeIgniter\Validation\FormatRules->valid_ip('::1')
#3 C:\xampp\htdocs\ci-pemetaan\app\Views\errors\html\error_exception.php(206): CodeIgniter\HTTP\Request->getIPAddress()
#4 C:\xampp\htdocs\ci-pemetaan\vendor\codeigniter4\framework\system\Debug\Exceptions.php(229): include('C:\\xampp\\htdocs...')
#5 C:\xampp\htdocs\ci-pemetaan\vendor\codeigniter4\framework\system\Debug\Exceptions.php(232): CodeIgniter\Debug\Exceptions->CodeIgniter\Debug\{closure}()
#6 C:\xampp\htdocs\ci-pemetaan\vendor\codeigniter4\framework\system\Debug\Exceptions.php(116): CodeIgniter\Debug\Exceptions->render(Object(ErrorException), 500)
#7 [internal function]: CodeIgniter\Debug\Exceptions->exceptionHandler(Object(ErrorException))
#8 {main}
  thrown
#0 [internal function]: CodeIgniter\Debug\Exceptions->shutdownHandler()
#1 {main}
CRITICAL - 2025-12-30 21:18:49 --> str_replace(): Passing null to parameter #3 ($subject) of type array|string is deprecated
#0 [internal function]: CodeIgniter\Debug\Exceptions->errorHandler(8192, 'str_replace(): ...', 'C:\\xampp\\htdocs...', 438)
#1 C:\xampp\htdocs\ci-pemetaan\vendor\codeigniter4\framework\system\HTTP\ResponseTrait.php(438): str_replace(Array, '', NULL)
#2 C:\xampp\htdocs\ci-pemetaan\vendor\codeigniter4\framework\system\CodeIgniter.php(987): CodeIgniter\HTTP\Response->send()
#3 C:\xampp\htdocs\ci-pemetaan\vendor\codeigniter4\framework\system\CodeIgniter.php(326): CodeIgniter\CodeIgniter->sendResponse()
#4 C:\xampp\htdocs\ci-pemetaan\public\index.php(37): CodeIgniter\CodeIgniter->run()
#5 {main}
CRITICAL - 2025-12-30 21:18:49 --> Uncaught ErrorException: filter_var(): Passing null to parameter #3 ($options) of type array|int is deprecated in C:\xampp\htdocs\ci-pemetaan\vendor\codeigniter4\framework\system\Validation\FormatRules.php:268
Stack trace:
#0 [internal function]: CodeIgniter\Debug\Exceptions->errorHandler(8192, 'filter_var(): P...', 'C:\\xampp\\htdocs...', 268)
#1 C:\xampp\htdocs\ci-pemetaan\vendor\codeigniter4\framework\system\Validation\FormatRules.php(268): filter_var('::1', 275, NULL)
#2 C:\xampp\htdocs\ci-pemetaan\vendor\codeigniter4\framework\system\HTTP\RequestTrait.php(151): CodeIgniter\Validation\FormatRules->valid_ip('::1')
#3 C:\xampp\htdocs\ci-pemetaan\app\Views\errors\html\error_exception.php(206): CodeIgniter\HTTP\Request->getIPAddress()
#4 C:\xampp\htdocs\ci-pemetaan\vendor\codeigniter4\framework\system\Debug\Exceptions.php(229): include('C:\\xampp\\htdocs...')
#5 C:\xampp\htdocs\ci-pemetaan\vendor\codeigniter4\framework\system\Debug\Exceptions.php(232): CodeIgniter\Debug\Exceptions->CodeIgniter\Debug\{closure}()
#6 C:\xampp\htdocs\ci-pemetaan\vendor\codeigniter4\framework\system\Debug\Exceptions.php(116): CodeIgniter\Debug\Exceptions->render(Object(ErrorException), 500)
#7 [internal function]: CodeIgniter\Debug\Exceptions->exceptionHandler(Object(ErrorException))
#8 {main}
  thrown
#0 [internal function]: CodeIgniter\Debug\Exceptions->shutdownHandler()
#1 {main}
CRITICAL - 2025-12-30 21:19:42 --> str_replace(): Passing null to parameter #3 ($subject) of type array|string is deprecated
#0 [internal function]: CodeIgniter\Debug\Exceptions->errorHandler(8192, 'str_replace(): ...', 'C:\\xampp\\htdocs...', 438)
#1 C:\xampp\htdocs\ci-pemetaan\vendor\codeigniter4\framework\system\HTTP\ResponseTrait.php(438): str_replace(Array, '', NULL)
#2 C:\xampp\htdocs\ci-pemetaan\vendor\codeigniter4\framework\system\CodeIgniter.php(987): CodeIgniter\HTTP\Response->send()
#3 C:\xampp\htdocs\ci-pemetaan\vendor\codeigniter4\framework\system\CodeIgniter.php(326): CodeIgniter\CodeIgniter->sendResponse()
#4 C:\xampp\htdocs\ci-pemetaan\public\index.php(37): CodeIgniter\CodeIgniter->run()
#5 {main}
CRITICAL - 2025-12-30 21:21:38 --> number_format(): Passing null to parameter #1 ($num) of type float is deprecated
#0 [internal function]: CodeIgniter\Debug\Exceptions->errorHandler(8192, 'number_format()...', 'C:\\xampp\\htdocs...', 934)
#1 C:\xampp\htdocs\ci-pemetaan\vendor\codeigniter4\framework\system\Database\BaseConnection.php(934): number_format(NULL, 6)
#2 C:\xampp\htdocs\ci-pemetaan\vendor\codeigniter4\framework\system\Debug\Toolbar\Collectors\Database.php(111): CodeIgniter\Database\BaseConnection->getConnectDuration()
#3 C:\xampp\htdocs\ci-pemetaan\vendor\codeigniter4\framework\system\Debug\Toolbar\Collectors\BaseCollector.php(115): CodeIgniter\Debug\Toolbar\Collectors\Database->formatTimelineData()
#4 C:\xampp\htdocs\ci-pemetaan\vendor\codeigniter4\framework\system\Debug\Toolbar\Collectors\BaseCollector.php(231): CodeIgniter\Debug\Toolbar\Collectors\BaseCollector->timelineData()
#5 C:\xampp\htdocs\ci-pemetaan\vendor\codeigniter4\framework\system\Debug\Toolbar.php(90): CodeIgniter\Debug\Toolbar\Collectors\BaseCollector->getAsArray()
#6 C:\xampp\htdocs\ci-pemetaan\vendor\codeigniter4\framework\system\Debug\Toolbar.php(364): CodeIgniter\Debug\Toolbar->run(1767151298.4528, 0.1193, Object(CodeIgniter\HTTP\IncomingRequest), Object(CodeIgniter\HTTP\Response))
#7 C:\xampp\htdocs\ci-pemetaan\vendor\codeigniter4\framework\system\Filters\DebugToolbar.php(40): CodeIgniter\Debug\Toolbar->prepare(Object(CodeIgniter\HTTP\IncomingRequest), Object(CodeIgniter\HTTP\Response))
#8 C:\xampp\htdocs\ci-pemetaan\vendor\codeigniter4\framework\system\Filters\Filters.php(196): CodeIgniter\Filters\DebugToolbar->after(Object(CodeIgniter\HTTP\IncomingRequest), Object(CodeIgniter\HTTP\Response), NULL)
#9 C:\xampp\htdocs\ci-pemetaan\vendor\codeigniter4\framework\system\CodeIgniter.php(427): CodeIgniter\Filters\Filters->run('login', 'after')
#10 C:\xampp\htdocs\ci-pemetaan\vendor\codeigniter4\framework\system\CodeIgniter.php(318): CodeIgniter\CodeIgniter->handleRequest(NULL, Object(Config\Cache), false)
#11 C:\xampp\htdocs\ci-pemetaan\public\index.php(37): CodeIgniter\CodeIgniter->run()
#12 C:\xampp\htdocs\ci-pemetaan\vendor\codeigniter4\framework\system\Commands\Server\rewrite.php(43): require_once('C:\\xampp\\htdocs...')
#13 {main}
CRITICAL - 2025-12-30 21:33:55 --> strtolower(): Passing null to parameter #1 ($string) of type string is deprecated
#0 [internal function]: CodeIgniter\Debug\Exceptions->errorHandler(8192, 'strtolower(): P...', 'C:\\xampp\\htdocs...', 253)
#1 C:\xampp\htdocs\ci-pemetaan\vendor\codeigniter4\framework\system\Validation\FormatRules.php(253): strtolower(NULL)
#2 C:\xampp\htdocs\ci-pemetaan\vendor\codeigniter4\framework\system\HTTP\RequestTrait.php(151): CodeIgniter\Validation\FormatRules->valid_ip('::1')
#3 C:\xampp\htdocs\ci-pemetaan\vendor\codeigniter4\framework\system\Config\Services.php(570): CodeIgniter\HTTP\Request->getIPAddress()
#4 C:\xampp\htdocs\ci-pemetaan\vendor\codeigniter4\framework\system\Config\BaseService.php(248): CodeIgniter\Config\Services::session(Object(Config\App), false)
#5 C:\xampp\htdocs\ci-pemetaan\vendor\codeigniter4\framework\system\Config\BaseService.php(189): CodeIgniter\Config\BaseService::__callStatic('session', Array)
#6 C:\xampp\htdocs\ci-pemetaan\vendor\codeigniter4\framework\system\Config\Services.php(563): CodeIgniter\Config\BaseService::getSharedInstance('session', NULL)
#7 C:\xampp\htdocs\ci-pemetaan\vendor\codeigniter4\framework\system\Config\BaseService.php(248): CodeIgniter\Config\Services::session()
#8 C:\xampp\htdocs\ci-pemetaan\vendor\codeigniter4\framework\system\Common.php(909): CodeIgniter\Config\BaseService::__callStatic('session', Array)
#9 C:\xampp\htdocs\ci-pemetaan\app\Controllers\Auth.php(14): session('id_user')
#10 C:\xampp\htdocs\ci-pemetaan\vendor\codeigniter4\framework\system\CodeIgniter.php(824): App\Controllers\Auth->login()
#11 C:\xampp\htdocs\ci-pemetaan\vendor\codeigniter4\framework\system\CodeIgniter.php(410): CodeIgniter\CodeIgniter->runController(Object(App\Controllers\Auth))
#12 C:\xampp\htdocs\ci-pemetaan\vendor\codeigniter4\framework\system\CodeIgniter.php(318): CodeIgniter\CodeIgniter->handleRequest(NULL, Object(Config\Cache), false)
#13 C:\xampp\htdocs\ci-pemetaan\public\index.php(37): CodeIgniter\CodeIgniter->run()
#14 C:\xampp\htdocs\ci-pemetaan\vendor\codeigniter4\framework\system\Commands\Server\rewrite.php(43): require_once('C:\\xampp\\htdocs...')
#15 {main}
CRITICAL - 2025-12-30 21:41:14 --> Undefined property: stdClass::$password_user
#0 C:\xampp\htdocs\ci-pemetaan\app\Controllers\Auth.php(27): CodeIgniter\Debug\Exceptions->errorHandler(2, 'Undefined prope...', 'C:\\xampp\\htdocs...', 27)
#1 C:\xampp\htdocs\ci-pemetaan\vendor\codeigniter4\framework\system\CodeIgniter.php(824): App\Controllers\Auth->loginProcess()
#2 C:\xampp\htdocs\ci-pemetaan\vendor\codeigniter4\framework\system\CodeIgniter.php(410): CodeIgniter\CodeIgniter->runController(Object(App\Controllers\Auth))
#3 C:\xampp\htdocs\ci-pemetaan\vendor\codeigniter4\framework\system\CodeIgniter.php(318): CodeIgniter\CodeIgniter->handleRequest(NULL, Object(Config\Cache), false)
#4 C:\xampp\htdocs\ci-pemetaan\public\index.php(37): CodeIgniter\CodeIgniter->run()
#5 C:\xampp\htdocs\ci-pemetaan\vendor\codeigniter4\framework\system\Commands\Server\rewrite.php(43): require_once('C:\\xampp\\htdocs...')
#6 {main}
CRITICAL - 2025-12-30 21:41:45 --> Undefined property: stdClass::$id_user
#0 C:\xampp\htdocs\ci-pemetaan\app\Controllers\Auth.php(29): CodeIgniter\Debug\Exceptions->errorHandler(2, 'Undefined prope...', 'C:\\xampp\\htdocs...', 29)
#1 C:\xampp\htdocs\ci-pemetaan\vendor\codeigniter4\framework\system\CodeIgniter.php(824): App\Controllers\Auth->loginProcess()
#2 C:\xampp\htdocs\ci-pemetaan\vendor\codeigniter4\framework\system\CodeIgniter.php(410): CodeIgniter\CodeIgniter->runController(Object(App\Controllers\Auth))
#3 C:\xampp\htdocs\ci-pemetaan\vendor\codeigniter4\framework\system\CodeIgniter.php(318): CodeIgniter\CodeIgniter->handleRequest(NULL, Object(Config\Cache), false)
#4 C:\xampp\htdocs\ci-pemetaan\public\index.php(37): CodeIgniter\CodeIgniter->run()
#5 C:\xampp\htdocs\ci-pemetaan\vendor\codeigniter4\framework\system\Commands\Server\rewrite.php(43): require_once('C:\\xampp\\htdocs...')
#6 {main}
ERROR - 2025-12-30 21:43:57 --> Table 'pj5.tb_gawe' doesn't exist
CRITICAL - 2025-12-30 21:43:57 --> Table 'pj5.tb_gawe' doesn't exist
#0 C:\xampp\htdocs\ci-pemetaan\vendor\codeigniter4\framework\system\Database\MySQLi\Connection.php(292): mysqli->query('SELECT *\nFROM `...', 0)
#1 C:\xampp\htdocs\ci-pemetaan\vendor\codeigniter4\framework\system\Database\BaseConnection.php(670): CodeIgniter\Database\MySQLi\Connection->execute('SELECT *\nFROM `...')
#2 C:\xampp\htdocs\ci-pemetaan\vendor\codeigniter4\framework\system\Database\BaseConnection.php(598): CodeIgniter\Database\BaseConnection->simpleQuery('SELECT *\nFROM `...')
#3 C:\xampp\htdocs\ci-pemetaan\vendor\codeigniter4\framework\system\Database\BaseBuilder.php(1443): CodeIgniter\Database\BaseConnection->query('SELECT *\nFROM `...', Array, false)
#4 C:\xampp\htdocs\ci-pemetaan\app\Controllers\Gawe.php(10): CodeIgniter\Database\BaseBuilder->get()
#5 C:\xampp\htdocs\ci-pemetaan\vendor\codeigniter4\framework\system\CodeIgniter.php(824): App\Controllers\Gawe->index()
#6 C:\xampp\htdocs\ci-pemetaan\vendor\codeigniter4\framework\system\CodeIgniter.php(410): CodeIgniter\CodeIgniter->runController(Object(App\Controllers\Gawe))
#7 C:\xampp\htdocs\ci-pemetaan\vendor\codeigniter4\framework\system\CodeIgniter.php(318): CodeIgniter\CodeIgniter->handleRequest(NULL, Object(Config\Cache), false)
#8 C:\xampp\htdocs\ci-pemetaan\public\index.php(37): CodeIgniter\CodeIgniter->run()
#9 C:\xampp\htdocs\ci-pemetaan\vendor\codeigniter4\framework\system\Commands\Server\rewrite.php(43): require_once('C:\\xampp\\htdocs...')
#10 {main}
ERROR - 2025-12-30 21:44:05 --> Table 'pj5.tb_gawe' doesn't exist
CRITICAL - 2025-12-30 21:44:05 --> Table 'pj5.tb_gawe' doesn't exist
#0 C:\xampp\htdocs\ci-pemetaan\vendor\codeigniter4\framework\system\Database\MySQLi\Connection.php(292): mysqli->query('SELECT *\nFROM `...', 0)
#1 C:\xampp\htdocs\ci-pemetaan\vendor\codeigniter4\framework\system\Database\BaseConnection.php(670): CodeIgniter\Database\MySQLi\Connection->execute('SELECT *\nFROM `...')
#2 C:\xampp\htdocs\ci-pemetaan\vendor\codeigniter4\framework\system\Database\BaseConnection.php(598): CodeIgniter\Database\BaseConnection->simpleQuery('SELECT *\nFROM `...')
#3 C:\xampp\htdocs\ci-pemetaan\vendor\codeigniter4\framework\system\Database\BaseBuilder.php(1443): CodeIgniter\Database\BaseConnection->query('SELECT *\nFROM `...', Array, false)
#4 C:\xampp\htdocs\ci-pemetaan\app\Controllers\Gawe.php(10): CodeIgniter\Database\BaseBuilder->get()
#5 C:\xampp\htdocs\ci-pemetaan\vendor\codeigniter4\framework\system\CodeIgniter.php(824): App\Controllers\Gawe->index()
#6 C:\xampp\htdocs\ci-pemetaan\vendor\codeigniter4\framework\system\CodeIgniter.php(410): CodeIgniter\CodeIgniter->runController(Object(App\Controllers\Gawe))
#7 C:\xampp\htdocs\ci-pemetaan\vendor\codeigniter4\framework\system\CodeIgniter.php(318): CodeIgniter\CodeIgniter->handleRequest(NULL, Object(Config\Cache), false)
#8 C:\xampp\htdocs\ci-pemetaan\public\index.php(37): CodeIgniter\CodeIgniter->run()
#9 C:\xampp\htdocs\ci-pemetaan\vendor\codeigniter4\framework\system\Commands\Server\rewrite.php(43): require_once('C:\\xampp\\htdocs...')
#10 {main}
ERROR - 2025-12-30 23:15:53 --> Unknown column 'kabupaten' in 'field list'
CRITICAL - 2025-12-30 23:15:53 --> Unknown column 'kabupaten' in 'field list'
#0 C:\xampp\htdocs\ci-pemetaan\vendor\codeigniter4\framework\system\Database\MySQLi\Connection.php(292): mysqli->query('INSERT INTO `tb...', 0)
#1 C:\xampp\htdocs\ci-pemetaan\vendor\codeigniter4\framework\system\Database\BaseConnection.php(670): CodeIgniter\Database\MySQLi\Connection->execute('INSERT INTO `tb...')
#2 C:\xampp\htdocs\ci-pemetaan\vendor\codeigniter4\framework\system\Database\BaseConnection.php(598): CodeIgniter\Database\BaseConnection->simpleQuery('INSERT INTO `tb...')
#3 C:\xampp\htdocs\ci-pemetaan\vendor\codeigniter4\framework\system\Database\BaseBuilder.php(1759): CodeIgniter\Database\BaseConnection->query('INSERT INTO `tb...', Array, false)
#4 C:\xampp\htdocs\ci-pemetaan\vendor\codeigniter4\framework\system\Model.php(239): CodeIgniter\Database\BaseBuilder->insert()
#5 C:\xampp\htdocs\ci-pemetaan\vendor\codeigniter4\framework\system\BaseModel.php(738): CodeIgniter\Model->doInsert(Array)
#6 C:\xampp\htdocs\ci-pemetaan\vendor\codeigniter4\framework\system\Model.php(620): CodeIgniter\BaseModel->insert(Array, true)
#7 C:\xampp\htdocs\ci-pemetaan\app\Controllers\Outlet.php(62): CodeIgniter\Model->insert(Array)
#8 C:\xampp\htdocs\ci-pemetaan\vendor\codeigniter4\framework\system\CodeIgniter.php(824): App\Controllers\Outlet->store()
#9 C:\xampp\htdocs\ci-pemetaan\vendor\codeigniter4\framework\system\CodeIgniter.php(410): CodeIgniter\CodeIgniter->runController(Object(App\Controllers\Outlet))
#10 C:\xampp\htdocs\ci-pemetaan\vendor\codeigniter4\framework\system\CodeIgniter.php(318): CodeIgniter\CodeIgniter->handleRequest(NULL, Object(Config\Cache), false)
#11 C:\xampp\htdocs\ci-pemetaan\public\index.php(37): CodeIgniter\CodeIgniter->run()
#12 C:\xampp\htdocs\ci-pemetaan\vendor\codeigniter4\framework\system\Commands\Server\rewrite.php(43): require_once('C:\\xampp\\htdocs...')
#13 {main}
ERROR - 2025-12-30 23:17:17 --> Unknown column 'kategori' in 'field list'
CRITICAL - 2025-12-30 23:17:17 --> Unknown column 'kategori' in 'field list'
#0 C:\xampp\htdocs\ci-pemetaan\vendor\codeigniter4\framework\system\Database\MySQLi\Connection.php(292): mysqli->query('INSERT INTO `tb...', 0)
#1 C:\xampp\htdocs\ci-pemetaan\vendor\codeigniter4\framework\system\Database\BaseConnection.php(670): CodeIgniter\Database\MySQLi\Connection->execute('INSERT INTO `tb...')
#2 C:\xampp\htdocs\ci-pemetaan\vendor\codeigniter4\framework\system\Database\BaseConnection.php(598): CodeIgniter\Database\BaseConnection->simpleQuery('INSERT INTO `tb...')
#3 C:\xampp\htdocs\ci-pemetaan\vendor\codeigniter4\framework\system\Database\BaseBuilder.php(1759): CodeIgniter\Database\BaseConnection->query('INSERT INTO `tb...', Array, false)
#4 C:\xampp\htdocs\ci-pemetaan\vendor\codeigniter4\framework\system\Model.php(239): CodeIgniter\Database\BaseBuilder->insert()
#5 C:\xampp\htdocs\ci-pemetaan\vendor\codeigniter4\framework\system\BaseModel.php(738): CodeIgniter\Model->doInsert(Array)
#6 C:\xampp\htdocs\ci-pemetaan\vendor\codeigniter4\framework\system\Model.php(620): CodeIgniter\BaseModel->insert(Array, true)
#7 C:\xampp\htdocs\ci-pemetaan\app\Controllers\Outlet.php(62): CodeIgniter\Model->insert(Array)
#8 C:\xampp\htdocs\ci-pemetaan\vendor\codeigniter4\framework\system\CodeIgniter.php(824): App\Controllers\Outlet->store()
#9 C:\xampp\htdocs\ci-pemetaan\vendor\codeigniter4\framework\system\CodeIgniter.php(410): CodeIgniter\CodeIgniter->runController(Object(App\Controllers\Outlet))
#10 C:\xampp\htdocs\ci-pemetaan\vendor\codeigniter4\framework\system\CodeIgniter.php(318): CodeIgniter\CodeIgniter->handleRequest(NULL, Object(Config\Cache), false)
#11 C:\xampp\htdocs\ci-pemetaan\public\index.php(37): CodeIgniter\CodeIgniter->run()
#12 C:\xampp\htdocs\ci-pemetaan\vendor\codeigniter4\framework\system\Commands\Server\rewrite.php(43): require_once('C:\\xampp\\htdocs...')
#13 {main}
ERROR - 2025-12-30 23:19:43 --> Table 'tb_operasional' already exists
CRITICAL - 2025-12-30 23:24:29 --> Cannot redeclare App\Controllers\Outlet::update()
#0 [internal function]: CodeIgniter\Debug\Exceptions->shutdownHandler()
#1 {main}
ERROR - 2025-12-30 23:29:59 --> Unknown column 'hari' in 'field list'
CRITICAL - 2025-12-30 23:29:59 --> Unknown column 'hari' in 'field list'
#0 C:\xampp\htdocs\ci-pemetaan\vendor\codeigniter4\framework\system\Database\MySQLi\Connection.php(292): mysqli->query('INSERT INTO `tb...', 0)
#1 C:\xampp\htdocs\ci-pemetaan\vendor\codeigniter4\framework\system\Database\BaseConnection.php(670): CodeIgniter\Database\MySQLi\Connection->execute('INSERT INTO `tb...')
#2 C:\xampp\htdocs\ci-pemetaan\vendor\codeigniter4\framework\system\Database\BaseConnection.php(598): CodeIgniter\Database\BaseConnection->simpleQuery('INSERT INTO `tb...')
#3 C:\xampp\htdocs\ci-pemetaan\vendor\codeigniter4\framework\system\Database\BaseBuilder.php(1759): CodeIgniter\Database\BaseConnection->query('INSERT INTO `tb...', Array, false)
#4 C:\xampp\htdocs\ci-pemetaan\vendor\codeigniter4\framework\system\Model.php(239): CodeIgniter\Database\BaseBuilder->insert()
#5 C:\xampp\htdocs\ci-pemetaan\vendor\codeigniter4\framework\system\BaseModel.php(738): CodeIgniter\Model->doInsert(Array)
#6 C:\xampp\htdocs\ci-pemetaan\vendor\codeigniter4\framework\system\Model.php(620): CodeIgniter\BaseModel->insert(Array, true)
#7 C:\xampp\htdocs\ci-pemetaan\app\Controllers\Outlet.php(92): CodeIgniter\Model->insert(Array)
#8 C:\xampp\htdocs\ci-pemetaan\vendor\codeigniter4\framework\system\CodeIgniter.php(824): App\Controllers\Outlet->store()
#9 C:\xampp\htdocs\ci-pemetaan\vendor\codeigniter4\framework\system\CodeIgniter.php(410): CodeIgniter\CodeIgniter->runController(Object(App\Controllers\Outlet))
#10 C:\xampp\htdocs\ci-pemetaan\vendor\codeigniter4\framework\system\CodeIgniter.php(318): CodeIgniter\CodeIgniter->handleRequest(NULL, Object(Config\Cache), false)
#11 C:\xampp\htdocs\ci-pemetaan\public\index.php(37): CodeIgniter\CodeIgniter->run()
#12 C:\xampp\htdocs\ci-pemetaan\vendor\codeigniter4\framework\system\Commands\Server\rewrite.php(43): require_once('C:\\xampp\\htdocs...')
#13 {main}
